[2026-04-09 12:18:10Z INFO HostContext] No proxy settings were found based on environmental variables (http_proxy/https_proxy/HTTP_PROXY/HTTPS_PROXY)
[2026-04-09 12:18:10Z INFO HostContext] Well known directory 'Bin': 'C:\Users\hyemi\OneDrive\Desktop\hw2\actions-runner\bin'
[2026-04-09 12:18:10Z INFO HostContext] Well known directory 'Root': 'C:\Users\hyemi\OneDrive\Desktop\hw2\actions-runner'
[2026-04-09 12:18:10Z INFO HostContext] Well known config file 'Credentials': 'C:\Users\hyemi\OneDrive\Desktop\hw2\actions-runner\.credentials'
[2026-04-09 12:18:10Z INFO HostContext] Well known directory 'Bin': 'C:\Users\hyemi\OneDrive\Desktop\hw2\actions-runner\bin'
[2026-04-09 12:18:10Z INFO HostContext] Well known directory 'Root': 'C:\Users\hyemi\OneDrive\Desktop\hw2\actions-runner'
[2026-04-09 12:18:10Z INFO HostContext] Well known config file 'Runner': 'C:\Users\hyemi\OneDrive\Desktop\hw2\actions-runner\.runner'
[2026-04-09 12:18:10Z INFO Listener] Runner is built for Windows (X64) - win-x64.
[2026-04-09 12:18:10Z INFO Listener] RuntimeInformation: Microsoft Windows 10.0.26200.
[2026-04-09 12:18:10Z INFO Listener] Version: 2.333.1
[2026-04-09 12:18:10Z INFO Listener] Commit: 6792966801e8925346735b68c03bf9f347af4646
[2026-04-09 12:18:10Z INFO Listener] Culture: ko-KR
[2026-04-09 12:18:10Z INFO Listener] UI Culture: ko-KR
[2026-04-09 12:18:10Z INFO HostContext] Well known directory 'Bin': 'C:\Users\hyemi\OneDrive\Desktop\hw2\actions-runner\bin'
[2026-04-09 12:18:10Z INFO HostContext] Well known directory 'Root': 'C:\Users\hyemi\OneDrive\Desktop\hw2\actions-runner'
[2026-04-09 12:18:10Z INFO Listener] Validating directory permissions for: 'C:\Users\hyemi\OneDrive\Desktop\hw2\actions-runner'
[2026-04-09 12:18:10Z INFO CommandLineParser] Parse
[2026-04-09 12:18:10Z INFO CommandLineParser] Parsing 1 args
[2026-04-09 12:18:10Z INFO CommandLineParser] parsing argument
[2026-04-09 12:18:10Z INFO CommandLineParser] HasArgs: False
[2026-04-09 12:18:10Z INFO CommandLineParser] Adding Command: run
[2026-04-09 12:18:10Z INFO Listener] Arguments parsed
[2026-04-09 12:18:10Z INFO Runner] ExecuteCommand
[2026-04-09 12:18:10Z INFO ConfigurationStore] currentAssemblyLocation: C:\Users\hyemi\OneDrive\Desktop\hw2\actions-runner\bin\Runner.Listener.dll
[2026-04-09 12:18:10Z INFO HostContext] Well known directory 'Bin': 'C:\Users\hyemi\OneDrive\Desktop\hw2\actions-runner\bin'
[2026-04-09 12:18:10Z INFO ConfigurationStore] binPath: C:\Users\hyemi\OneDrive\Desktop\hw2\actions-runner\bin
[2026-04-09 12:18:10Z INFO HostContext] Well known directory 'Bin': 'C:\Users\hyemi\OneDrive\Desktop\hw2\actions-runner\bin'
[2026-04-09 12:18:10Z INFO HostContext] Well known directory 'Root': 'C:\Users\hyemi\OneDrive\Desktop\hw2\actions-runner'
[2026-04-09 12:18:10Z INFO ConfigurationStore] RootFolder: C:\Users\hyemi\OneDrive\Desktop\hw2\actions-runner
[2026-04-09 12:18:10Z INFO HostContext] Well known directory 'Bin': 'C:\Users\hyemi\OneDrive\Desktop\hw2\actions-runner\bin'
[2026-04-09 12:18:10Z INFO HostContext] Well known directory 'Root': 'C:\Users\hyemi\OneDrive\Desktop\hw2\actions-runner'
[2026-04-09 12:18:10Z INFO HostContext] Well known config file 'Runner': 'C:\Users\hyemi\OneDrive\Desktop\hw2\actions-runner\.runner'
[2026-04-09 12:18:10Z INFO ConfigurationStore] ConfigFilePath: C:\Users\hyemi\OneDrive\Desktop\hw2\actions-runner\.runner
[2026-04-09 12:18:10Z INFO HostContext] Well known directory 'Bin': 'C:\Users\hyemi\OneDrive\Desktop\hw2\actions-runner\bin'
[2026-04-09 12:18:10Z INFO HostContext] Well known directory 'Root': 'C:\Users\hyemi\OneDrive\Desktop\hw2\actions-runner'
[2026-04-09 12:18:10Z INFO HostContext] Well known config file 'MigratedRunner': 'C:\Users\hyemi\OneDrive\Desktop\hw2\actions-runner\.runner_migrated'
[2026-04-09 12:18:10Z INFO ConfigurationStore] MigratedConfigFilePath: C:\Users\hyemi\OneDrive\Desktop\hw2\actions-runner\.runner_migrated
[2026-04-09 12:18:10Z INFO HostContext] Well known directory 'Bin': 'C:\Users\hyemi\OneDrive\Desktop\hw2\actions-runner\bin'
[2026-04-09 12:18:10Z INFO HostContext] Well known directory 'Root': 'C:\Users\hyemi\OneDrive\Desktop\hw2\actions-runner'
[2026-04-09 12:18:10Z INFO HostContext] Well known config file 'Credentials': 'C:\Users\hyemi\OneDrive\Desktop\hw2\actions-runner\.credentials'
[2026-04-09 12:18:10Z INFO ConfigurationStore] CredFilePath: C:\Users\hyemi\OneDrive\Desktop\hw2\actions-runner\.credentials
[2026-04-09 12:18:10Z INFO HostContext] Well known directory 'Bin': 'C:\Users\hyemi\OneDrive\Desktop\hw2\actions-runner\bin'
[2026-04-09 12:18:10Z INFO HostContext] Well known directory 'Root': 'C:\Users\hyemi\OneDrive\Desktop\hw2\actions-runner'
[2026-04-09 12:18:10Z INFO HostContext] Well known config file 'MigratedCredentials': 'C:\Users\hyemi\OneDrive\Desktop\hw2\actions-runner\.credentials_migrated'
[2026-04-09 12:18:10Z INFO ConfigurationStore] MigratedCredFilePath: C:\Users\hyemi\OneDrive\Desktop\hw2\actions-runner\.credentials_migrated
[2026-04-09 12:18:10Z INFO HostContext] Well known directory 'Bin': 'C:\Users\hyemi\OneDrive\Desktop\hw2\actions-runner\bin'
[2026-04-09 12:18:10Z INFO HostContext] Well known directory 'Root': 'C:\Users\hyemi\OneDrive\Desktop\hw2\actions-runner'
[2026-04-09 12:18:10Z INFO HostContext] Well known config file 'Service': 'C:\Users\hyemi\OneDrive\Desktop\hw2\actions-runner\.service'
[2026-04-09 12:18:10Z INFO ConfigurationStore] ServiceConfigFilePath: C:\Users\hyemi\OneDrive\Desktop\hw2\actions-runner\.service
[2026-04-09 12:18:10Z INFO CommandSettings] Flag 'help': 'False'
[2026-04-09 12:18:10Z INFO CommandSettings] Flag 'version': 'False'
[2026-04-09 12:18:10Z INFO CommandSettings] Flag 'commit': 'False'
[2026-04-09 12:18:10Z INFO CommandSettings] Flag 'check': 'False'
[2026-04-09 12:18:10Z INFO CommandSettings] Command 'configure': 'False'
[2026-04-09 12:18:10Z INFO CommandSettings] Command 'remove': 'False'
[2026-04-09 12:18:10Z INFO CommandSettings] Command 'warmup': 'False'
[2026-04-09 12:18:10Z INFO ConfigurationManager] LoadSettings
[2026-04-09 12:18:10Z INFO ConfigurationStore] IsConfigured()
[2026-04-09 12:18:10Z INFO ConfigurationStore] IsConfigured: False
[2026-04-09 12:18:10Z INFO ConfigurationManager] Is configured: False
[2026-04-09 12:18:10Z ERR  Terminal] WRITE ERROR: An error occurred: Not configured. Run config.(sh/cmd) to configure the runner.
[2026-04-09 12:18:10Z ERR  Listener] GitHub.Runner.Common.NonRetryableException: Not configured. Run config.(sh/cmd) to configure the runner.
   at GitHub.Runner.Listener.Configuration.ConfigurationManager.LoadSettings()
   at GitHub.Runner.Listener.Runner.ExecuteCommand(CommandSettings command)
   at GitHub.Runner.Listener.Program.MainAsync(IHostContext context, String[] args)
