[2026-04-09 12:26:44Z INFO HostContext] No proxy settings were found based on environmental variables (http_proxy/https_proxy/HTTP_PROXY/HTTPS_PROXY)
[2026-04-09 12:26:44Z INFO HostContext] Well known directory 'Bin': 'C:\Users\hyemi\OneDrive\Desktop\hw2\actions-runner\bin'
[2026-04-09 12:26:44Z INFO HostContext] Well known directory 'Root': 'C:\Users\hyemi\OneDrive\Desktop\hw2\actions-runner'
[2026-04-09 12:26:44Z INFO HostContext] Well known config file 'Credentials': 'C:\Users\hyemi\OneDrive\Desktop\hw2\actions-runner\.credentials'
[2026-04-09 12:26:44Z INFO HostContext] Well known directory 'Bin': 'C:\Users\hyemi\OneDrive\Desktop\hw2\actions-runner\bin'
[2026-04-09 12:26:44Z INFO HostContext] Well known directory 'Root': 'C:\Users\hyemi\OneDrive\Desktop\hw2\actions-runner'
[2026-04-09 12:26:44Z INFO HostContext] Well known config file 'Runner': 'C:\Users\hyemi\OneDrive\Desktop\hw2\actions-runner\.runner'
[2026-04-09 12:26:44Z INFO Listener] Runner is built for Windows (X64) - win-x64.
[2026-04-09 12:26:44Z INFO Listener] RuntimeInformation: Microsoft Windows 10.0.26200.
[2026-04-09 12:26:44Z INFO Listener] Version: 2.333.1
[2026-04-09 12:26:44Z INFO Listener] Commit: 6792966801e8925346735b68c03bf9f347af4646
[2026-04-09 12:26:44Z INFO Listener] Culture: ko-KR
[2026-04-09 12:26:44Z INFO Listener] UI Culture: ko-KR
[2026-04-09 12:26:44Z INFO HostContext] Well known directory 'Bin': 'C:\Users\hyemi\OneDrive\Desktop\hw2\actions-runner\bin'
[2026-04-09 12:26:44Z INFO HostContext] Well known directory 'Root': 'C:\Users\hyemi\OneDrive\Desktop\hw2\actions-runner'
[2026-04-09 12:26:44Z INFO Listener] Validating directory permissions for: 'C:\Users\hyemi\OneDrive\Desktop\hw2\actions-runner'
[2026-04-09 12:26:44Z INFO CommandLineParser] Parse
[2026-04-09 12:26:44Z INFO CommandLineParser] Parsing 1 args
[2026-04-09 12:26:44Z INFO CommandLineParser] parsing argument
[2026-04-09 12:26:44Z INFO CommandLineParser] HasArgs: False
[2026-04-09 12:26:44Z INFO CommandLineParser] Adding Command: remove
[2026-04-09 12:26:44Z INFO Listener] Arguments parsed
[2026-04-09 12:26:44Z INFO Runner] ExecuteCommand
[2026-04-09 12:26:44Z INFO ConfigurationStore] currentAssemblyLocation: C:\Users\hyemi\OneDrive\Desktop\hw2\actions-runner\bin\Runner.Listener.dll
[2026-04-09 12:26:44Z INFO HostContext] Well known directory 'Bin': 'C:\Users\hyemi\OneDrive\Desktop\hw2\actions-runner\bin'
[2026-04-09 12:26:44Z INFO ConfigurationStore] binPath: C:\Users\hyemi\OneDrive\Desktop\hw2\actions-runner\bin
[2026-04-09 12:26:44Z INFO HostContext] Well known directory 'Bin': 'C:\Users\hyemi\OneDrive\Desktop\hw2\actions-runner\bin'
[2026-04-09 12:26:44Z INFO HostContext] Well known directory 'Root': 'C:\Users\hyemi\OneDrive\Desktop\hw2\actions-runner'
[2026-04-09 12:26:44Z INFO ConfigurationStore] RootFolder: C:\Users\hyemi\OneDrive\Desktop\hw2\actions-runner
[2026-04-09 12:26:44Z INFO HostContext] Well known directory 'Bin': 'C:\Users\hyemi\OneDrive\Desktop\hw2\actions-runner\bin'
[2026-04-09 12:26:44Z INFO HostContext] Well known directory 'Root': 'C:\Users\hyemi\OneDrive\Desktop\hw2\actions-runner'
[2026-04-09 12:26:44Z INFO HostContext] Well known config file 'Runner': 'C:\Users\hyemi\OneDrive\Desktop\hw2\actions-runner\.runner'
[2026-04-09 12:26:44Z INFO ConfigurationStore] ConfigFilePath: C:\Users\hyemi\OneDrive\Desktop\hw2\actions-runner\.runner
[2026-04-09 12:26:44Z INFO HostContext] Well known directory 'Bin': 'C:\Users\hyemi\OneDrive\Desktop\hw2\actions-runner\bin'
[2026-04-09 12:26:44Z INFO HostContext] Well known directory 'Root': 'C:\Users\hyemi\OneDrive\Desktop\hw2\actions-runner'
[2026-04-09 12:26:44Z INFO HostContext] Well known config file 'MigratedRunner': 'C:\Users\hyemi\OneDrive\Desktop\hw2\actions-runner\.runner_migrated'
[2026-04-09 12:26:44Z INFO ConfigurationStore] MigratedConfigFilePath: C:\Users\hyemi\OneDrive\Desktop\hw2\actions-runner\.runner_migrated
[2026-04-09 12:26:44Z INFO HostContext] Well known directory 'Bin': 'C:\Users\hyemi\OneDrive\Desktop\hw2\actions-runner\bin'
[2026-04-09 12:26:44Z INFO HostContext] Well known directory 'Root': 'C:\Users\hyemi\OneDrive\Desktop\hw2\actions-runner'
[2026-04-09 12:26:44Z INFO HostContext] Well known config file 'Credentials': 'C:\Users\hyemi\OneDrive\Desktop\hw2\actions-runner\.credentials'
[2026-04-09 12:26:44Z INFO ConfigurationStore] CredFilePath: C:\Users\hyemi\OneDrive\Desktop\hw2\actions-runner\.credentials
[2026-04-09 12:26:44Z INFO HostContext] Well known directory 'Bin': 'C:\Users\hyemi\OneDrive\Desktop\hw2\actions-runner\bin'
[2026-04-09 12:26:44Z INFO HostContext] Well known directory 'Root': 'C:\Users\hyemi\OneDrive\Desktop\hw2\actions-runner'
[2026-04-09 12:26:44Z INFO HostContext] Well known config file 'MigratedCredentials': 'C:\Users\hyemi\OneDrive\Desktop\hw2\actions-runner\.credentials_migrated'
[2026-04-09 12:26:44Z INFO ConfigurationStore] MigratedCredFilePath: C:\Users\hyemi\OneDrive\Desktop\hw2\actions-runner\.credentials_migrated
[2026-04-09 12:26:44Z INFO HostContext] Well known directory 'Bin': 'C:\Users\hyemi\OneDrive\Desktop\hw2\actions-runner\bin'
[2026-04-09 12:26:44Z INFO HostContext] Well known directory 'Root': 'C:\Users\hyemi\OneDrive\Desktop\hw2\actions-runner'
[2026-04-09 12:26:44Z INFO HostContext] Well known config file 'Service': 'C:\Users\hyemi\OneDrive\Desktop\hw2\actions-runner\.service'
[2026-04-09 12:26:44Z INFO ConfigurationStore] ServiceConfigFilePath: C:\Users\hyemi\OneDrive\Desktop\hw2\actions-runner\.service
[2026-04-09 12:26:44Z INFO CommandSettings] Flag 'help': 'False'
[2026-04-09 12:26:44Z INFO CommandSettings] Flag 'version': 'False'
[2026-04-09 12:26:44Z INFO CommandSettings] Flag 'commit': 'False'
[2026-04-09 12:26:44Z INFO CommandSettings] Flag 'check': 'False'
[2026-04-09 12:26:45Z INFO CommandSettings] Command 'configure': 'False'
[2026-04-09 12:26:45Z INFO CommandSettings] Command 'remove': 'True'
[2026-04-09 12:26:45Z INFO CommandSettings] Flag 'local': 'False'
[2026-04-09 12:26:45Z INFO ConfigurationStore] IsServiceConfigured()
[2026-04-09 12:26:45Z INFO ConfigurationStore] IsServiceConfigured: False
[2026-04-09 12:26:45Z INFO ConfigurationStore] IsConfigured()
[2026-04-09 12:26:45Z INFO ConfigurationStore] IsConfigured: True
[2026-04-09 12:26:45Z INFO ConfigurationStore] HasCredentials()
[2026-04-09 12:26:45Z INFO ConfigurationStore] stored True
[2026-04-09 12:26:45Z INFO ConfigurationStore] Read setting file: 380 chars
[2026-04-09 12:26:45Z INFO CommandSettings] Arg 'token': ''
[2026-04-09 12:26:45Z INFO CommandSettings] Flag 'unattended': 'False'
[2026-04-09 12:26:45Z INFO PromptManager] ReadValue
[2026-04-09 12:26:45Z INFO Terminal] WRITE: Enter runner remove token: 
[2026-04-09 12:26:45Z INFO Terminal] READ SECRET
[2026-04-09 12:27:59Z INFO Terminal] Read value: '***'
[2026-04-09 12:28:00Z INFO ConfigurationManager] Http response code: OK from 'POST https://api.github.com/actions/runner-registration' (D5EE:250F8:B49D53:D1DA1D:69D79B4E)
[2026-04-09 12:28:00Z INFO ConfigurationManager] cred retrieved via GitHub auth
[2026-04-09 12:28:00Z INFO RunnerServer] EstablishVssConnection
[2026-04-09 12:28:00Z INFO RunnerServer] Establish connection with 100 seconds timeout.
[2026-04-09 12:28:00Z INFO GitHubActionsService] Starting operation Location.GetConnectionData
[2026-04-09 12:28:00Z INFO RunnerServer] EstablishVssConnection
[2026-04-09 12:28:00Z INFO RunnerServer] Establish connection with 60 seconds timeout.
[2026-04-09 12:28:00Z INFO GitHubActionsService] Starting operation Location.GetConnectionData
[2026-04-09 12:28:00Z INFO RunnerServer] EstablishVssConnection
[2026-04-09 12:28:00Z INFO RunnerServer] Establish connection with 60 seconds timeout.
[2026-04-09 12:28:00Z INFO GitHubActionsService] Starting operation Location.GetConnectionData
[2026-04-09 12:28:01Z INFO GitHubActionsService] Finished operation Location.GetConnectionData
[2026-04-09 12:28:01Z INFO GitHubActionsService] Finished operation Location.GetConnectionData
[2026-04-09 12:28:01Z INFO GitHubActionsService] Finished operation Location.GetConnectionData
[2026-04-09 12:28:02Z INFO Terminal] WRITE LINE: 
[2026-04-09 12:28:02Z INFO ConfigurationStore] IsConfigured()
[2026-04-09 12:28:02Z INFO ConfigurationStore] IsConfigured: True
[2026-04-09 12:28:02Z INFO ConfigurationStore] HasCredentials()
[2026-04-09 12:28:02Z INFO ConfigurationStore] stored True
[2026-04-09 12:28:02Z INFO HostContext] Well known directory 'Bin': 'C:\Users\hyemi\OneDrive\Desktop\hw2\actions-runner\bin'
[2026-04-09 12:28:02Z INFO HostContext] Well known directory 'Root': 'C:\Users\hyemi\OneDrive\Desktop\hw2\actions-runner'
[2026-04-09 12:28:02Z INFO HostContext] Well known config file 'RSACredentials': 'C:\Users\hyemi\OneDrive\Desktop\hw2\actions-runner\.credentials_rsaparams'
[2026-04-09 12:28:02Z INFO RSAEncryptedFileKeyManager] Deleting RSA key parameters file C:\Users\hyemi\OneDrive\Desktop\hw2\actions-runner\.credentials_rsaparams
[2026-04-09 12:28:02Z INFO Terminal] WRITE LINE: 
[2026-04-09 12:28:02Z INFO Listener] Runner execution has finished with return code 0
